INFO:root:The next process - process the data by sending in the suppliers file
INFO:root:Starting with processing
INFO:root:Loaded suppliers json file
INFO:root:Connected to the PostgreSQL database successfully!
INFO:root:Processing for 75F - 75F
INFO:root:Ready to connect to the BCS_SSMS database with the query
INFO:root:Read data and now returning df with connection
INFO:root:Columns initiated - Now returning a modified df
INFO:root:Checking process for 
INFO:root:Checking process over.
INFO:root:Connected to PGS database, now will insert the data.
INFO:root:Processed data successfully inserted into PGS database
INFO:root:Df saved as csv file : D:\Replenishment_auotmation_scripts\data_temp\75F_75F_data.csv
INFO:root:Processing for RES - ADEMCO, INC. (Resideo)
INFO:root:Ready to connect to the BCS_SSMS database with the query
INFO:root:Read data and now returning df with connection
INFO:root:Columns initiated - Now returning a modified df
INFO:root:Checking process for RES
INFO:root:Checking process over.
INFO:root:Connected to PGS database, now will insert the data.
INFO:root:Processed data successfully inserted into PGS database
INFO:root:Df saved as csv file : D:\Replenishment_auotmation_scripts\data_temp\RES_ADEMCO, INC. (Resideo)_data.csv
INFO:root:Processing for ALR - ALERTON NOVAR
INFO:root:Ready to connect to the BCS_SSMS database with the query
INFO:root:Read data and now returning df with connection
INFO:root:Columns initiated - Now returning a modified df
INFO:root:Checking process for ALR
INFO:root:Checking process over.
INFO:root:Connected to PGS database, now will insert the data.
INFO:root:Processed data successfully inserted into PGS database
INFO:root:Df saved as csv file : D:\Replenishment_auotmation_scripts\data_temp\ALR_ALERTON NOVAR_data.csv
INFO:root:Processing for ALT - Altech Corporation
INFO:root:Ready to connect to the BCS_SSMS database with the query
INFO:root:Read data and now returning df with connection
INFO:root:Columns initiated - Now returning a modified df
INFO:root:Checking process for ALT
INFO:root:Checking process over.
INFO:root:Connected to PGS database, now will insert the data.
INFO:root:Processed data successfully inserted into PGS database
INFO:root:Df saved as csv file : D:\Replenishment_auotmation_scripts\data_temp\ALT_Altech Corporation_data.csv
INFO:root:Processing for APF - Apollo-Fire
INFO:root:Ready to connect to the BCS_SSMS database with the query
INFO:root:Read data and now returning df with connection
INFO:root:Columns initiated - Now returning a modified df
INFO:root:Checking process for APF
INFO:root:Checking process over.
INFO:root:Connected to PGS database, now will insert the data.
INFO:root:Processed data successfully inserted into PGS database
INFO:root:Df saved as csv file : D:\Replenishment_auotmation_scripts\data_temp\APF_Apollo-Fire_data.csv
INFO:root:Processing for ASC - ASCO L.P.
INFO:root:Ready to connect to the BCS_SSMS database with the query
